# Test: scall.hex

      Clk#   PC 
         4: 0000b000 
         5: 0000b004 X10: 00000000
         6: 0000b006 
         7: 0000b008 X28: 00000000
         8: 0000b00c X 5: 0000b008
         9: 0000b010 X 5: 0000a880
        10: 0000b014 
        11: 0000b016 X10: 00000001
        12: 0000b018 X10: 80000000
        13: 0000b028 
        14: 0000b02c X 5: 00000028
        15: 0000b030 X 5: 00000000
        16: 0000b04c 
        18: 0000b050 
        19: 0000b054 X10: 00002000
        20: 0000b058 X10: 00001800
        22: 0000b05c 
        23: 0000b060 X 5: 0000b05c
        24: 0000b064 X 5: 0000b0a0
        25: 0000b068 
        26: 0000b06c X10: 00000000
        28: 0000b0a0 
        29: 0000b0a2 X28: 00000002
        30: 0000b0a6 X 5: 00002000
        31: 0000b0aa X 5: 00001800
        33: 0000b0ae 
        34: 0000b0b2 X 5: 0000b0ae
        35: 0000b0b6 X 5: 0000b0be
        36: 0000b0ba 
        38: 0000b0be 
        39: 0000b0c0 X28: 00000001
        40: 0000a880 
        41: 0000a884 X14: 0000000b
        42: 0000a886 X15: 0000000b
        43: 0000a88a 
        44: 0000a88e X11: f0000000
        45: 0000a892 X15: 00000065
        47: 0000a896 
        48: 0000a89a X15: 0000006e
        50: 0000a89e 
        51: 0000a8a2 X15: 00000076
        53: 0000a8a6 
        54: 0000a8aa X15: 00000063
        56: 0000a8ae 
        57: 0000a8b2 X15: 00000061
        59: 0000a8b6 
        60: 0000a8ba X15: 0000006c
        62: 0000a8be 
        63: 0000a8c2 X15: 0000006c
        65: 0000a8c6 
        66: 0000a8c8 X15: 0000000a
        68: 0000a8cc 
        69: 0000a8ce X15: 00000008
        70: 0000a8d2 
        71: 0000a8d4 X15: 00000009
        72: 0000a8d8 
        73: 0000a8da X15: 0000000b
        74: 0000a8f6 
        76: 0000b100 
        77: 000000f4 
        78: 000000f8 
        79: 000000f8 
